autoscan: warning: missing AC_CHECK_HEADER_STDBOOL wanted by: 
	src/record.h:45
	src/record.h:46
	src/recordset.cxx:64
	src/recordset.cxx:130
	src/recordset.cxx:142
	src/recordset.cxx:208
	src/list.h:45
	src/list.h:69
	src/list.h:241
	src/list.h:323
	src/record.cxx:41
	src/record.cxx:48
	src/comparator.h:11
	src/comparator.h:23
	src/comparator.h:34
	src/recordset.h:33
	src/recordset.h:43
	src/recordset.h:44
	src/recordset.h:48
	src/recordset.cxx:157
	src/recordset.cxx:214
	src/list.h:260
	src/list.h:333
	src/record.cxx:43
	src/record.cxx:50
	src/comparator.h:11
	src/comparator.h:23
	src/comparator.h:34
	src/recordset.cxx:139
	src/recordset.cxx:154
	src/recordset.cxx:212
	src/list.h:254
	src/list.h:331
	src/record.cxx:45
	src/record.cxx:52
	src/comparator.h:23
	src/comparator.h:34
autoscan: warning: missing AC_PROG_CC wanted by: 
	config.h.in
	src/dllmain.h
	src/event.h
	src/channel.h
	src/record.h
	src/sensor.h
	src/list.h
	src/comparator.h
	src/recordset.h
